# FADE Test Run
[RUN_TIMESTAMP] 2026-01-24 23:44:37
[RUN_DIR] /Users/stevemitchell/Documents/GitHub/LiveCalc/fade/tests

[FAILURE] PRD-LC-014/test_us_std_01_01_project_overview_describes_wasm_engine.sh
[EXIT_CODE] 126
[TIMESTAMP] 2026-01-24 23:44:42
[OUTPUT]
  fade/tests/run.sh: line 50: /Users/stevemitchell/Documents/GitHub/LiveCalc/fade/tests/PRD-LC-014/test_us_std_01_01_project_overview_describes_wasm_engine.sh: Permission denied

---

[FAILURE] PRD-LC-014/test_us_std_01_02_tech_stack_lists_components.sh
[EXIT_CODE] 126
[TIMESTAMP] 2026-01-24 23:44:42
[OUTPUT]
  fade/tests/run.sh: line 50: /Users/stevemitchell/Documents/GitHub/LiveCalc/fade/tests/PRD-LC-014/test_us_std_01_02_tech_stack_lists_components.sh: Permission denied

---

[FAILURE] PRD-LC-014/test_us_std_01_03_architecture_diagram_exists.sh
[EXIT_CODE] 126
[TIMESTAMP] 2026-01-24 23:44:42
[OUTPUT]
  fade/tests/run.sh: line 50: /Users/stevemitchell/Documents/GitHub/LiveCalc/fade/tests/PRD-LC-014/test_us_std_01_03_architecture_diagram_exists.sh: Permission denied

---

[FAILURE] PRD-LC-014/test_us_std_01_04_repository_link.sh
[EXIT_CODE] 126
[TIMESTAMP] 2026-01-24 23:44:42
[OUTPUT]
  fade/tests/run.sh: line 50: /Users/stevemitchell/Documents/GitHub/LiveCalc/fade/tests/PRD-LC-014/test_us_std_01_04_repository_link.sh: Permission denied

---

[FAILURE] PRD-LC-014/test_us_std_01_05_target_architecture.sh
[EXIT_CODE] 126
[TIMESTAMP] 2026-01-24 23:44:42
[OUTPUT]
  fade/tests/run.sh: line 50: /Users/stevemitchell/Documents/GitHub/LiveCalc/fade/tests/PRD-LC-014/test_us_std_01_05_target_architecture.sh: Permission denied

---

[FAILURE] PRD-LC-014/test_us_std_01_07_off_limits_modules.sh
[EXIT_CODE] 126
[TIMESTAMP] 2026-01-24 23:44:42
[OUTPUT]
  fade/tests/run.sh: line 50: /Users/stevemitchell/Documents/GitHub/LiveCalc/fade/tests/PRD-LC-014/test_us_std_01_07_off_limits_modules.sh: Permission denied

---

[FAILURE] PRD-LC-014/test_us_std_01_08_session_boundaries.sh
[EXIT_CODE] 126
[TIMESTAMP] 2026-01-24 23:44:42
[OUTPUT]
  fade/tests/run.sh: line 50: /Users/stevemitchell/Documents/GitHub/LiveCalc/fade/tests/PRD-LC-014/test_us_std_01_08_session_boundaries.sh: Permission denied

---

[FAILURE] PRD-LC-014/test_us_std_02_01_coding_md_exists.sh
[EXIT_CODE] 126
[TIMESTAMP] 2026-01-24 23:44:43
[OUTPUT]
  fade/tests/run.sh: line 50: /Users/stevemitchell/Documents/GitHub/LiveCalc/fade/tests/PRD-LC-014/test_us_std_02_01_coding_md_exists.sh: Permission denied

---

[FAILURE] PRD-LC-014/test_us_std_02_02_external_style_guides.sh
[EXIT_CODE] 126
[TIMESTAMP] 2026-01-24 23:44:43
[OUTPUT]
  fade/tests/run.sh: line 50: /Users/stevemitchell/Documents/GitHub/LiveCalc/fade/tests/PRD-LC-014/test_us_std_02_02_external_style_guides.sh: Permission denied

---

[FAILURE] PRD-LC-014/test_us_std_02_03_comment_philosophy.sh
[EXIT_CODE] 126
[TIMESTAMP] 2026-01-24 23:44:43
[OUTPUT]
  fade/tests/run.sh: line 50: /Users/stevemitchell/Documents/GitHub/LiveCalc/fade/tests/PRD-LC-014/test_us_std_02_03_comment_philosophy.sh: Permission denied

---

[FAILURE] PRD-LC-014/test_us_std_02_04_typescript_conventions.sh
[EXIT_CODE] 126
[TIMESTAMP] 2026-01-24 23:44:43
[OUTPUT]
  fade/tests/run.sh: line 50: /Users/stevemitchell/Documents/GitHub/LiveCalc/fade/tests/PRD-LC-014/test_us_std_02_04_typescript_conventions.sh: Permission denied

---

[FAILURE] PRD-LC-014/test_us_std_02_05_cpp_conventions.sh
[EXIT_CODE] 126
[TIMESTAMP] 2026-01-24 23:44:43
[OUTPUT]
  fade/tests/run.sh: line 50: /Users/stevemitchell/Documents/GitHub/LiveCalc/fade/tests/PRD-LC-014/test_us_std_02_05_cpp_conventions.sh: Permission denied

---

[FAILURE] PRD-LC-014/test_us_std_02_06_python_conventions.sh
[EXIT_CODE] 126
[TIMESTAMP] 2026-01-24 23:44:43
[OUTPUT]
  fade/tests/run.sh: line 50: /Users/stevemitchell/Documents/GitHub/LiveCalc/fade/tests/PRD-LC-014/test_us_std_02_06_python_conventions.sh: Permission denied

---

[FAILURE] PRD-LC-014/test_us_std_02_07_domain_terminology.sh
[EXIT_CODE] 126
[TIMESTAMP] 2026-01-24 23:44:43
[OUTPUT]
  fade/tests/run.sh: line 50: /Users/stevemitchell/Documents/GitHub/LiveCalc/fade/tests/PRD-LC-014/test_us_std_02_07_domain_terminology.sh: Permission denied

---

[FAILURE] PRD-LC-014/test_us_std_02_08_simd_alignment.sh
[EXIT_CODE] 126
[TIMESTAMP] 2026-01-24 23:44:43
[OUTPUT]
  fade/tests/run.sh: line 50: /Users/stevemitchell/Documents/GitHub/LiveCalc/fade/tests/PRD-LC-014/test_us_std_02_08_simd_alignment.sh: Permission denied

---

[FAILURE] PRD-LC-014/test_us_std_02_09_calcengine_interface.sh
[EXIT_CODE] 126
[TIMESTAMP] 2026-01-24 23:44:43
[OUTPUT]
  fade/tests/run.sh: line 50: /Users/stevemitchell/Documents/GitHub/LiveCalc/fade/tests/PRD-LC-014/test_us_std_02_09_calcengine_interface.sh: Permission denied

---

[FAILURE] PRD-LC-014/test_us_std_02_10_error_handling.sh
[EXIT_CODE] 126
[TIMESTAMP] 2026-01-24 23:44:43
[OUTPUT]
  fade/tests/run.sh: line 50: /Users/stevemitchell/Documents/GitHub/LiveCalc/fade/tests/PRD-LC-014/test_us_std_02_10_error_handling.sh: Permission denied

---

[FAILURE] PRD-LC-014/test_us_std_02_11_file_organization.sh
[EXIT_CODE] 126
[TIMESTAMP] 2026-01-24 23:44:43
[OUTPUT]
  fade/tests/run.sh: line 50: /Users/stevemitchell/Documents/GitHub/LiveCalc/fade/tests/PRD-LC-014/test_us_std_02_11_file_organization.sh: Permission denied

---

[FAILURE] PRD-LC-014/test_us_std_03_01_api_security_md_exists.sh
[EXIT_CODE] 126
[TIMESTAMP] 2026-01-24 23:44:43
[OUTPUT]
  fade/tests/run.sh: line 50: /Users/stevemitchell/Documents/GitHub/LiveCalc/fade/tests/PRD-LC-014/test_us_std_03_01_api_security_md_exists.sh: Permission denied

---

[FAILURE] PRD-LC-014/test_us_std_03_02_api_first_strategy.sh
[EXIT_CODE] 126
[TIMESTAMP] 2026-01-24 23:44:43
[OUTPUT]
  fade/tests/run.sh: line 50: /Users/stevemitchell/Documents/GitHub/LiveCalc/fade/tests/PRD-LC-014/test_us_std_03_02_api_first_strategy.sh: Permission denied

---

[FAILURE] PRD-LC-014/test_us_std_03_03_security_by_design.sh
[EXIT_CODE] 126
[TIMESTAMP] 2026-01-24 23:44:43
[OUTPUT]
  fade/tests/run.sh: line 50: /Users/stevemitchell/Documents/GitHub/LiveCalc/fade/tests/PRD-LC-014/test_us_std_03_03_security_by_design.sh: Permission denied

---

[FAILURE] PRD-LC-014/test_us_std_03_04_jwt_auth.sh
[EXIT_CODE] 126
[TIMESTAMP] 2026-01-24 23:44:43
[OUTPUT]
  fade/tests/run.sh: line 50: /Users/stevemitchell/Documents/GitHub/LiveCalc/fade/tests/PRD-LC-014/test_us_std_03_04_jwt_auth.sh: Permission denied

---

[FAILURE] PRD-LC-014/test_us_std_03_05_tenant_isolation.sh
[EXIT_CODE] 126
[TIMESTAMP] 2026-01-24 23:44:43
[OUTPUT]
  fade/tests/run.sh: line 50: /Users/stevemitchell/Documents/GitHub/LiveCalc/fade/tests/PRD-LC-014/test_us_std_03_05_tenant_isolation.sh: Permission denied

---

[FAILURE] PRD-LC-014/test_us_std_03_06_sas_token_scoping.sh
[EXIT_CODE] 126
[TIMESTAMP] 2026-01-24 23:44:43
[OUTPUT]
  fade/tests/run.sh: line 50: /Users/stevemitchell/Documents/GitHub/LiveCalc/fade/tests/PRD-LC-014/test_us_std_03_06_sas_token_scoping.sh: Permission denied

---

[FAILURE] PRD-LC-014/test_us_std_03_07_quota_enforcement.sh
[EXIT_CODE] 126
[TIMESTAMP] 2026-01-24 23:44:43
[OUTPUT]
  fade/tests/run.sh: line 50: /Users/stevemitchell/Documents/GitHub/LiveCalc/fade/tests/PRD-LC-014/test_us_std_03_07_quota_enforcement.sh: Permission denied

---

[FAILURE] PRD-LC-014/test_us_std_03_08_tls_encryption.sh
[EXIT_CODE] 126
[TIMESTAMP] 2026-01-24 23:44:43
[OUTPUT]
  fade/tests/run.sh: line 50: /Users/stevemitchell/Documents/GitHub/LiveCalc/fade/tests/PRD-LC-014/test_us_std_03_08_tls_encryption.sh: Permission denied

---

[FAILURE] PRD-LC-014/test_us_std_03_09_encryption_at_rest.sh
[EXIT_CODE] 126
[TIMESTAMP] 2026-01-24 23:44:43
[OUTPUT]
  fade/tests/run.sh: line 50: /Users/stevemitchell/Documents/GitHub/LiveCalc/fade/tests/PRD-LC-014/test_us_std_03_09_encryption_at_rest.sh: Permission denied

---

[FAILURE] PRD-LC-014/test_us_std_03_10_no_secrets_in_code.sh
[EXIT_CODE] 126
[TIMESTAMP] 2026-01-24 23:44:43
[OUTPUT]
  fade/tests/run.sh: line 50: /Users/stevemitchell/Documents/GitHub/LiveCalc/fade/tests/PRD-LC-014/test_us_std_03_10_no_secrets_in_code.sh: Permission denied

---

[FAILURE] PRD-LC-014/test_us_std_03_11_audit_logging.sh
[EXIT_CODE] 126
[TIMESTAMP] 2026-01-24 23:44:43
[OUTPUT]
  fade/tests/run.sh: line 50: /Users/stevemitchell/Documents/GitHub/LiveCalc/fade/tests/PRD-LC-014/test_us_std_03_11_audit_logging.sh: Permission denied

---

[FAILURE] PRD-LC-014/test_us_std_03_12_input_validation.sh
[EXIT_CODE] 126
[TIMESTAMP] 2026-01-24 23:44:43
[OUTPUT]
  fade/tests/run.sh: line 50: /Users/stevemitchell/Documents/GitHub/LiveCalc/fade/tests/PRD-LC-014/test_us_std_03_12_input_validation.sh: Permission denied

---

[FAILURE] PRD-LC-014/test_us_std_03_13_error_handling_no_stack_traces.sh
[EXIT_CODE] 126
[TIMESTAMP] 2026-01-24 23:44:43
[OUTPUT]
  fade/tests/run.sh: line 50: /Users/stevemitchell/Documents/GitHub/LiveCalc/fade/tests/PRD-LC-014/test_us_std_03_13_error_handling_no_stack_traces.sh: Permission denied

---

[FAILURE] PRD-LC-014/test_us_std_03_14_rate_limiting.sh
[EXIT_CODE] 126
[TIMESTAMP] 2026-01-24 23:44:43
[OUTPUT]
  fade/tests/run.sh: line 50: /Users/stevemitchell/Documents/GitHub/LiveCalc/fade/tests/PRD-LC-014/test_us_std_03_14_rate_limiting.sh: Permission denied

---

[FAILURE] PRD-LC-014/test_us_std_03_15_cors_policy.sh
[EXIT_CODE] 126
[TIMESTAMP] 2026-01-24 23:44:43
[OUTPUT]
  fade/tests/run.sh: line 50: /Users/stevemitchell/Documents/GitHub/LiveCalc/fade/tests/PRD-LC-014/test_us_std_03_15_cors_policy.sh: Permission denied

---

[FAILURE] PRD-LC-014/test_us_std_04_01_infrastructure_md_exists.sh
[EXIT_CODE] 126
[TIMESTAMP] 2026-01-24 23:44:43
[OUTPUT]
  fade/tests/run.sh: line 50: /Users/stevemitchell/Documents/GitHub/LiveCalc/fade/tests/PRD-LC-014/test_us_std_04_01_infrastructure_md_exists.sh: Permission denied

---

[FAILURE] PRD-LC-014/test_us_std_04_02_everything_as_code.sh
[EXIT_CODE] 126
[TIMESTAMP] 2026-01-24 23:44:43
[OUTPUT]
  fade/tests/run.sh: line 50: /Users/stevemitchell/Documents/GitHub/LiveCalc/fade/tests/PRD-LC-014/test_us_std_04_02_everything_as_code.sh: Permission denied

---

[FAILURE] PRD-LC-014/test_us_std_04_03_terraform_requirements.sh
[EXIT_CODE] 126
[TIMESTAMP] 2026-01-24 23:44:43
[OUTPUT]
  fade/tests/run.sh: line 50: /Users/stevemitchell/Documents/GitHub/LiveCalc/fade/tests/PRD-LC-014/test_us_std_04_03_terraform_requirements.sh: Permission denied

---

[FAILURE] PRD-LC-014/test_us_std_04_04_environment_separation.sh
[EXIT_CODE] 126
[TIMESTAMP] 2026-01-24 23:44:43
[OUTPUT]
  fade/tests/run.sh: line 50: /Users/stevemitchell/Documents/GitHub/LiveCalc/fade/tests/PRD-LC-014/test_us_std_04_04_environment_separation.sh: Permission denied

---

[FAILURE] PRD-LC-014/test_us_std_04_05_modules_for_reusability.sh
[EXIT_CODE] 126
[TIMESTAMP] 2026-01-24 23:44:43
[OUTPUT]
  fade/tests/run.sh: line 50: /Users/stevemitchell/Documents/GitHub/LiveCalc/fade/tests/PRD-LC-014/test_us_std_04_05_modules_for_reusability.sh: Permission denied

---

[FAILURE] PRD-LC-014/test_us_std_04_06_variables_no_hardcoding.sh
[EXIT_CODE] 126
[TIMESTAMP] 2026-01-24 23:44:43
[OUTPUT]
  fade/tests/run.sh: line 50: /Users/stevemitchell/Documents/GitHub/LiveCalc/fade/tests/PRD-LC-014/test_us_std_04_06_variables_no_hardcoding.sh: Permission denied

---

[FAILURE] PRD-LC-014/test_us_std_04_07_outputs.sh
[EXIT_CODE] 126
[TIMESTAMP] 2026-01-24 23:44:43
[OUTPUT]
  fade/tests/run.sh: line 50: /Users/stevemitchell/Documents/GitHub/LiveCalc/fade/tests/PRD-LC-014/test_us_std_04_07_outputs.sh: Permission denied

---

[FAILURE] PRD-LC-014/test_us_std_04_08_config_management.sh
[EXIT_CODE] 126
[TIMESTAMP] 2026-01-24 23:44:43
[OUTPUT]
  fade/tests/run.sh: line 50: /Users/stevemitchell/Documents/GitHub/LiveCalc/fade/tests/PRD-LC-014/test_us_std_04_08_config_management.sh: Permission denied

---

[FAILURE] PRD-LC-014/test_us_std_04_09_feature_flags.sh
[EXIT_CODE] 126
[TIMESTAMP] 2026-01-24 23:44:43
[OUTPUT]
  fade/tests/run.sh: line 50: /Users/stevemitchell/Documents/GitHub/LiveCalc/fade/tests/PRD-LC-014/test_us_std_04_09_feature_flags.sh: Permission denied

---

[FAILURE] PRD-LC-014/test_us_std_04_10_schema_validation.sh
[EXIT_CODE] 126
[TIMESTAMP] 2026-01-24 23:44:43
[OUTPUT]
  fade/tests/run.sh: line 50: /Users/stevemitchell/Documents/GitHub/LiveCalc/fade/tests/PRD-LC-014/test_us_std_04_10_schema_validation.sh: Permission denied

---

[FAILURE] PRD-LC-014/test_us_std_04_11_github_actions.sh
[EXIT_CODE] 126
[TIMESTAMP] 2026-01-24 23:44:43
[OUTPUT]
  fade/tests/run.sh: line 50: /Users/stevemitchell/Documents/GitHub/LiveCalc/fade/tests/PRD-LC-014/test_us_std_04_11_github_actions.sh: Permission denied

---

[FAILURE] PRD-LC-014/test_us_std_04_12_helm_charts.sh
[EXIT_CODE] 126
[TIMESTAMP] 2026-01-24 23:44:43
[OUTPUT]
  fade/tests/run.sh: line 50: /Users/stevemitchell/Documents/GitHub/LiveCalc/fade/tests/PRD-LC-014/test_us_std_04_12_helm_charts.sh: Permission denied

---

[FAILURE] PRD-LC-014/test_us_std_04_13_automated_testing.sh
[EXIT_CODE] 126
[TIMESTAMP] 2026-01-24 23:44:44
[OUTPUT]
  fade/tests/run.sh: line 50: /Users/stevemitchell/Documents/GitHub/LiveCalc/fade/tests/PRD-LC-014/test_us_std_04_13_automated_testing.sh: Permission denied

---

[FAILURE] PRD-LC-014/test_us_std_04_14_zero_downtime.sh
[EXIT_CODE] 126
[TIMESTAMP] 2026-01-24 23:44:44
[OUTPUT]
  fade/tests/run.sh: line 50: /Users/stevemitchell/Documents/GitHub/LiveCalc/fade/tests/PRD-LC-014/test_us_std_04_14_zero_downtime.sh: Permission denied

---

[FAILURE] PRD-LC-014/test_us_std_04_15_immutable_infrastructure.sh
[EXIT_CODE] 126
[TIMESTAMP] 2026-01-24 23:44:44
[OUTPUT]
  fade/tests/run.sh: line 50: /Users/stevemitchell/Documents/GitHub/LiveCalc/fade/tests/PRD-LC-014/test_us_std_04_15_immutable_infrastructure.sh: Permission denied

---

[FAILURE] PRD-LC-014/test_us_std_04_16_version_control.sh
[EXIT_CODE] 126
[TIMESTAMP] 2026-01-24 23:44:44
[OUTPUT]
  fade/tests/run.sh: line 50: /Users/stevemitchell/Documents/GitHub/LiveCalc/fade/tests/PRD-LC-014/test_us_std_04_16_version_control.sh: Permission denied

---

[FAILURE] PRD-LC-014/test_us_std_04_17_docs_as_code.sh
[EXIT_CODE] 126
[TIMESTAMP] 2026-01-24 23:44:44
[OUTPUT]
  fade/tests/run.sh: line 50: /Users/stevemitchell/Documents/GitHub/LiveCalc/fade/tests/PRD-LC-014/test_us_std_04_17_docs_as_code.sh: Permission denied

---

[FAILURE] PRD-LC-014/test_us_std_05_01_testing_md_exists.sh
[EXIT_CODE] 126
[TIMESTAMP] 2026-01-24 23:44:44
[OUTPUT]
  fade/tests/run.sh: line 50: /Users/stevemitchell/Documents/GitHub/LiveCalc/fade/tests/PRD-LC-014/test_us_std_05_01_testing_md_exists.sh: Permission denied

---

[FAILURE] PRD-LC-014/test_us_std_05_02_test_pyramid.sh
[EXIT_CODE] 126
[TIMESTAMP] 2026-01-24 23:44:44
[OUTPUT]
  fade/tests/run.sh: line 50: /Users/stevemitchell/Documents/GitHub/LiveCalc/fade/tests/PRD-LC-014/test_us_std_05_02_test_pyramid.sh: Permission denied

---

[FAILURE] PRD-LC-014/test_us_std_05_03_unit_test_colocated.sh
[EXIT_CODE] 126
[TIMESTAMP] 2026-01-24 23:44:44
[OUTPUT]
  fade/tests/run.sh: line 50: /Users/stevemitchell/Documents/GitHub/LiveCalc/fade/tests/PRD-LC-014/test_us_std_05_03_unit_test_colocated.sh: Permission denied

---

[FAILURE] PRD-LC-014/test_us_std_05_04_aaa_pattern.sh
[EXIT_CODE] 126
[TIMESTAMP] 2026-01-24 23:44:44
[OUTPUT]
  fade/tests/run.sh: line 50: /Users/stevemitchell/Documents/GitHub/LiveCalc/fade/tests/PRD-LC-014/test_us_std_05_04_aaa_pattern.sh: Permission denied

---

[FAILURE] PRD-LC-014/test_us_std_05_05_descriptive_names.sh
[EXIT_CODE] 126
[TIMESTAMP] 2026-01-24 23:44:44
[OUTPUT]
  fade/tests/run.sh: line 50: /Users/stevemitchell/Documents/GitHub/LiveCalc/fade/tests/PRD-LC-014/test_us_std_05_05_descriptive_names.sh: Permission denied

---

[FAILURE] PRD-LC-014/test_us_std_05_06_fast_tests.sh
[EXIT_CODE] 126
[TIMESTAMP] 2026-01-24 23:44:44
[OUTPUT]
  fade/tests/run.sh: line 50: /Users/stevemitchell/Documents/GitHub/LiveCalc/fade/tests/PRD-LC-014/test_us_std_05_06_fast_tests.sh: Permission denied

---

[FAILURE] PRD-LC-014/test_us_std_05_07_isolated_tests.sh
[EXIT_CODE] 126
[TIMESTAMP] 2026-01-24 23:44:44
[OUTPUT]
  fade/tests/run.sh: line 50: /Users/stevemitchell/Documents/GitHub/LiveCalc/fade/tests/PRD-LC-014/test_us_std_05_07_isolated_tests.sh: Permission denied

---

[FAILURE] PRD-LC-014/test_us_std_05_08_integration_test_location.sh
[EXIT_CODE] 126
[TIMESTAMP] 2026-01-24 23:44:44
[OUTPUT]
  fade/tests/run.sh: line 50: /Users/stevemitchell/Documents/GitHub/LiveCalc/fade/tests/PRD-LC-014/test_us_std_05_08_integration_test_location.sh: Permission denied

---

[FAILURE] PRD-LC-014/test_us_std_05_09_benchmark_requirements.sh
[EXIT_CODE] 126
[TIMESTAMP] 2026-01-24 23:44:44
[OUTPUT]
  fade/tests/run.sh: line 50: /Users/stevemitchell/Documents/GitHub/LiveCalc/fade/tests/PRD-LC-014/test_us_std_05_09_benchmark_requirements.sh: Permission denied

---

[FAILURE] PRD-LC-014/test_us_std_05_10_current_benchmarks.sh
[EXIT_CODE] 126
[TIMESTAMP] 2026-01-24 23:44:44
[OUTPUT]
  fade/tests/run.sh: line 50: /Users/stevemitchell/Documents/GitHub/LiveCalc/fade/tests/PRD-LC-014/test_us_std_05_10_current_benchmarks.sh: Permission denied

---

[FAILURE] PRD-LC-014/test_us_std_05_11_regression_tolerance.sh
[EXIT_CODE] 126
[TIMESTAMP] 2026-01-24 23:44:44
[OUTPUT]
  fade/tests/run.sh: line 50: /Users/stevemitchell/Documents/GitHub/LiveCalc/fade/tests/PRD-LC-014/test_us_std_05_11_regression_tolerance.sh: Permission denied

---

[FAILURE] PRD-LC-014/test_us_std_05_12_benchmark_script.sh
[EXIT_CODE] 126
[TIMESTAMP] 2026-01-24 23:44:44
[OUTPUT]
  fade/tests/run.sh: line 50: /Users/stevemitchell/Documents/GitHub/LiveCalc/fade/tests/PRD-LC-014/test_us_std_05_12_benchmark_script.sh: Permission denied

---

[FAILURE] PRD-LC-014/test_us_std_05_13_regression_prd_protection.sh
[EXIT_CODE] 126
[TIMESTAMP] 2026-01-24 23:44:44
[OUTPUT]
  fade/tests/run.sh: line 50: /Users/stevemitchell/Documents/GitHub/LiveCalc/fade/tests/PRD-LC-014/test_us_std_05_13_regression_prd_protection.sh: Permission denied

---

[FAILURE] PRD-LC-014/test_us_std_05_14_ci_test_run.sh
[EXIT_CODE] 126
[TIMESTAMP] 2026-01-24 23:44:44
[OUTPUT]
  fade/tests/run.sh: line 50: /Users/stevemitchell/Documents/GitHub/LiveCalc/fade/tests/PRD-LC-014/test_us_std_05_14_ci_test_run.sh: Permission denied

---

[FAILURE] PRD-LC-014/test_us_std_05_15_merge_blocking.sh
[EXIT_CODE] 126
[TIMESTAMP] 2026-01-24 23:44:44
[OUTPUT]
  fade/tests/run.sh: line 50: /Users/stevemitchell/Documents/GitHub/LiveCalc/fade/tests/PRD-LC-014/test_us_std_05_15_merge_blocking.sh: Permission denied

---

[FAILURE] PRD-LC-014/test_us_std_05_16_coverage_target.sh
[EXIT_CODE] 126
[TIMESTAMP] 2026-01-24 23:44:44
[OUTPUT]
  fade/tests/run.sh: line 50: /Users/stevemitchell/Documents/GitHub/LiveCalc/fade/tests/PRD-LC-014/test_us_std_05_16_coverage_target.sh: Permission denied

---

[FAILURE] PRD-LC-014/test_us_std_05_18_exclude_generated_code.sh
[EXIT_CODE] 126
[TIMESTAMP] 2026-01-24 23:44:44
[OUTPUT]
  fade/tests/run.sh: line 50: /Users/stevemitchell/Documents/GitHub/LiveCalc/fade/tests/PRD-LC-014/test_us_std_05_18_exclude_generated_code.sh: Permission denied

---

[FAILURE] PRD-LC-014/test_us_std_05_19_test_organization.sh
[EXIT_CODE] 126
[TIMESTAMP] 2026-01-24 23:44:44
[OUTPUT]
  fade/tests/run.sh: line 50: /Users/stevemitchell/Documents/GitHub/LiveCalc/fade/tests/PRD-LC-014/test_us_std_05_19_test_organization.sh: Permission denied

---

[FAILURE] PRD-LC-014/test_us_std_05_20_mocking_strategy.sh
[EXIT_CODE] 126
[TIMESTAMP] 2026-01-24 23:44:44
[OUTPUT]
  fade/tests/run.sh: line 50: /Users/stevemitchell/Documents/GitHub/LiveCalc/fade/tests/PRD-LC-014/test_us_std_05_20_mocking_strategy.sh: Permission denied

---

